Arguments: 
  /usr/local/bin/node /usr/local/bin/yarn add

PATH: 
  /home/alexey/bin:/home/alexey/.local/bin:/home/alexey/bin:/home/alexey/.local/bin:/usr/local/sbin:/usr/local/bin:/usr/sbin:/usr/bin:/sbin:/bin:/usr/games:/usr/local/games:/snap/bin

Yarn version: 
  1.5.1

Node version: 
  9.4.0

Platform: 
  linux x64

npm manifest: 
  No manifest

yarn manifest: 
  No manifest

Lockfile: 
  No lockfile

Trace: 
  Error: Missing list of packages to add to your project.
      at new MessageError (/usr/local/lib/node_modules/yarn/lib/cli.js:186:110)
      at Object.<anonymous> (/usr/local/lib/node_modules/yarn/lib/cli.js:40587:13)
      at Generator.next (<anonymous>)
      at step (/usr/local/lib/node_modules/yarn/lib/cli.js:98:30)
      at /usr/local/lib/node_modules/yarn/lib/cli.js:116:14
      at new Promise (<anonymous>)
      at new F (/usr/local/lib/node_modules/yarn/lib/cli.js:23451:28)
      at Object.<anonymous> (/usr/local/lib/node_modules/yarn/lib/cli.js:95:12)
      at Object.run (/usr/local/lib/node_modules/yarn/lib/cli.js:40599:19)
      at run (/usr/local/lib/node_modules/yarn/lib/cli.js:89113:20)
